<?xml version="1.0" encoding="UTF-8"?>
<!-- Generated by org.testng.reporters.JUnitReportReporter -->
<testsuite hostname="Meghas-MBP" failures="0" tests="1" name="com.express.qa.testdata.LoginPageTest" time="11.983" errors="0" timestamp="20 Jan 2021 07:25:21 GMT" skipped="0">
  <testcase classname="com.express.qa.testdata.LoginPageTest" name="loginTest" time="11.983"/>
</testsuite> <!-- com.express.qa.testdata.LoginPageTest -->
